[debug] [2025-12-09T21:42:34.126Z] ----------------------------------------------------------------------
[debug] [2025-12-09T21:42:34.128Z] Command:       /home/will-elsen/.nvm/versions/node/v22.9.0/bin/node /home/will-elsen/.nvm/versions/node/v22.9.0/bin/firebase init functions
[debug] [2025-12-09T21:42:34.128Z] CLI Version:   14.27.0
[debug] [2025-12-09T21:42:34.128Z] Platform:      linux
[debug] [2025-12-09T21:42:34.128Z] Node Version:  v22.9.0
[debug] [2025-12-09T21:42:34.128Z] Time:          Tue Dec 09 2025 16:42:34 GMT-0500 (Eastern Standard Time)
[debug] [2025-12-09T21:42:34.129Z] ----------------------------------------------------------------------
[debug] 
[debug] [2025-12-09T21:42:34.130Z] >>> [apiv2][query] GET https://firebase-public.firebaseio.com/cli.json [none]
[info] 
     ######## #### ########  ######## ########     ###     ######  ########
     ##        ##  ##     ## ##       ##     ##  ##   ##  ##       ##
     ######    ##  ########  ######   ########  #########  ######  ######
     ##        ##  ##    ##  ##       ##     ## ##     ##       ## ##
     ##       #### ##     ## ######## ########  ##     ##  ######  ########

You're about to initialize a Firebase project in this directory:

  /home/will-elsen/cs-projects/cs336/mtg-project

Before we get started, keep in mind:

  * You are initializing within an existing Firebase project directory

[info] 
=== Project Setup
[info] 
[info] First, let's associate this project directory with a Firebase project.
[info] You can create multiple project aliases by running firebase use --add, 
[info] 
[debug] [2025-12-09T21:42:34.318Z] > command requires scopes: ["email","openid","https://www.googleapis.com/auth/cloudplatformprojects.readonly","https://www.googleapis.com/auth/firebase","https://www.googleapis.com/auth/cloud-platform"]
[debug] [2025-12-09T21:42:34.318Z] > authorizing via signed-in user (wtelsen72@gmail.com)
[debug] [2025-12-09T21:42:34.319Z] Checked if tokens are valid: false, expires at: 1763959374977
[debug] [2025-12-09T21:42:34.319Z] Checked if tokens are valid: false, expires at: 1763959374977
[debug] [2025-12-09T21:42:34.319Z] > refreshing access token with scopes: []
[debug] [2025-12-09T21:42:34.320Z] >>> [apiv2][query] POST https://www.googleapis.com/oauth2/v3/token [none]
[debug] [2025-12-09T21:42:34.320Z] >>> [apiv2][body] POST https://www.googleapis.com/oauth2/v3/token [omitted]
[debug] [2025-12-09T21:42:34.462Z] <<< [apiv2][status] GET https://firebase-public.firebaseio.com/cli.json 200
[debug] [2025-12-09T21:42:34.462Z] <<< [apiv2][body] GET https://firebase-public.firebaseio.com/cli.json {"cloudBuildErrorAfter":1594252800000,"cloudBuildWarnAfter":1590019200000,"defaultNode10After":1594252800000,"minVersion":"3.0.5","node8DeploysDisabledAfter":1613390400000,"node8RuntimeDisabledAfter":1615809600000,"node8WarnAfter":1600128000000}
[debug] [2025-12-09T21:42:34.491Z] <<< [apiv2][status] POST https://www.googleapis.com/oauth2/v3/token 200
[debug] [2025-12-09T21:42:34.491Z] <<< [apiv2][body] POST https://www.googleapis.com/oauth2/v3/token [omitted]
[debug] [2025-12-09T21:42:34.495Z] >>> [apiv2][query] GET https://firebase.googleapis.com/v1beta1/projects/mtg-20-questions [none]
[debug] [2025-12-09T21:42:34.803Z] <<< [apiv2][status] GET https://firebase.googleapis.com/v1beta1/projects/mtg-20-questions 403
[debug] [2025-12-09T21:42:34.804Z] <<< [apiv2][body] GET https://firebase.googleapis.com/v1beta1/projects/mtg-20-questions {"error":{"code":403,"message":"The caller does not have permission","status":"PERMISSION_DENIED"}}
[debug] [2025-12-09T21:42:34.804Z] Request to https://firebase.googleapis.com/v1beta1/projects/mtg-20-questions had HTTP Error: 403, The caller does not have permission
[debug] [2025-12-09T21:42:35.016Z] FirebaseError: Request to https://firebase.googleapis.com/v1beta1/projects/mtg-20-questions had HTTP Error: 403, The caller does not have permission
    at responseToError (/home/will-elsen/.nvm/versions/node/v22.9.0/lib/node_modules/firebase-tools/lib/responseToError.js:53:12)
    at RetryOperation._fn (/home/will-elsen/.nvm/versions/node/v22.9.0/lib/node_modules/firebase-tools/lib/apiv2.js:322:77)
    at process.processTicksAndRejections (node:internal/process/task_queues:105:5)
[error] 
[error] Error: Failed to get Firebase project mtg-20-questions. Please make sure the project exists and your account has permission to access it.
